1
 
 
 
 
                      Warning: This computer program is protected by copyright law and international treaties.       
                  Unauthorized use, reproduction or distribution of this computer program, or any portion of it, may 
                                          result in severe civil and criminal penalties.                             
                         Copyright (C) 2023 Hexagon AB and/or its subsidiaries. All rights reserved.                 
 
 
                                              * * * * * * * * * * * * * * * * * * * *
                                              * * * * * * * * * * * * * * * * * * * *
                                              * *                                 * *
                                              * *           Hexagon AB            * *
                                              * *                                 * *
                                              * *                                 * *
                                              * *      M S C   N a s t r a n      * *
                                              * *                                 * *
                                              * *                                 * *
                                              * *                                 * *
                                              * *     Version 2023.4-CL933330     * *
                                              * *                                 * *
                                              * *                                 * *
                                              * *                                 * *
                                              * *          DEC 12, 2023           * *
                                              * *                                 * *
                                              * *       x86-64 Based System       * *
                                              * *MODEL Intel 2212.541992 MHz (ws- * *
                                              * *     Linux 6.8.0-57-generic      * *
                                              * *Compiled for x8664 (SINGLE Mode) * *
                                              * *                                 * *
                                              * * * * * * * * * * * * * * * * * * * *
                                              * * * * * * * * * * * * * * * * * * * *
1News file
  
               Welcome to MSC Nastran 2023.4
  
   MSC Nastran brings powerful new features and enhancements for engineering
   solutions in several releases through the year. Key enhancements in
   Version 2023.4 are summarized below. Addtional details can be found in
   the MSC Nastran Version 2023.4 Release Guide.
  
  
     MSC Nastran 2023.4 Features and Enhancements
  
     High Performance Computing
     - ACMS performance improvements of 25% - 30% for large models on both Linux
       and Windows
     - MUMPS solver implemented in Lanczos for Buckling
        - 50% average performance improvement in READ module
     - MUMPS solver implemented in Lanczos for Normal Modes
        - 25% - 50% average performance improvement in READ module
     - Coupled Modes performance improvement
        - MUMPS in Lanzcos method resulting in an order of magnitude speedup
     - New QR factorization and least squares solution support for SOL 128
       Rotor Dynamics for improved convergence
  
     Vibroacoustics
     - Enhanced ACMODL BIW method to reduce weighting off distant fluid grids
       from structural interface.
     - 1D analytical trim with physical approach
     - Fluid subsystems support added for Virtual SEA workflows
     - Diffuse Sound Fields (DSF) loadings support for Space
       workflows
  
     RBE3 Enhancements
     - Automatic leg trimming of large RBE3 for enhanced performance
     - Automatic Correction of RBE3 REFC Rotational DOFs for correcting
       modeling error
  
     Ease of Use
     - Simplied user subroutine interface that doesn't require the Software
       Development Kit (SDK)
  
     Documentation
     - The complete documentation set is provided in a separate installer and
       when installed is available at: MSC_DOC_DIR/doc/pdf_nastran directory,
       where MSC_DOC_DIR is the directory where documentation was installed.
       This help set includes cross references between documents, and links to
       how-to videos, and example files
  
     Individual MSC Nastran documents are available for download from the
       Simcompanion Website at:
1      http://simcompanion.hexagon.com/
  
     These documentation set includes the following:
  
         1.  MSC Nastran 2023.4 Installation and Operations Guide
         2.  MSC Nastran 2023.4 Quick Reference Guide
         3.  MSC Nastran 2023.4 Release Guide
         4.  MSC Nastran 2023.4 Linear Statics Analysis User's Guide
         5.  MSC Nastran 2023.4 Dynamic Analysis User's Guide
         6.  MSC Nastran 2023.4 Superelements User's Guide
         7.  MSC Nastran 2023.4 Rotordynamics User's Guide
         8.  MSC Nastran 2023.4 Demonstration Problems Manual
         9.  MSC Nastran 2023.4 Nastran Embedded Fatigue User's Guide
        10.  MSC Nastran 2023.4 Design Sensitivity and Optimization
        11.  MSC Nastran 2023.4 Nonlinear User's Guide SOL 400
        12.  MSC Nastran 2023.4 DMAP Programmer's Guide
        13.  MSC Nastran 2023.4 High Performance Computing User's Guide
        14.  MSC Nastran 2023.4 New Verification Manual
        15.  MSC Nastran 2023.4 DEMATD Guide
        16.  MSC Nastran 2023.4 Explicit Nonlinear (SOL 700) User's Guide
        17.  MSC Nastran 2023.4 ACMS User's Guide
  
   Please refer to  MSC_DOC_DIR/doc/pdf_nastran/nastran_library.pdf
   for the complete document set:
  
  
   Additional information about the release can be found at the MSC Nastran
   Product Support page: http://simcompanion.hexagon.com
  
   The support page provides links to these valuable information:
      * A searchable Knowledge Base containing examples and answers to thousands
        of frequently asked questions written by MSC Software subject-matter
        experts.
      * Peer-to-peer Discussion Forums enabling you to post questions for your
        MSC Software products and receive answers from other users worldwide.
      * A list of known issues with the product and any workarounds.
      * Instructions on how to contact technical support
      * A mechanism for sending us product feedback or enhancement requests.
      * Hardware and software requirements.
      * Examples and Tutorials
      * and much more.
  
   For information on training, please visit our Training web site
  
      https://www.mscsoftware.com/msc-training
  
1                                                                              JUNE   9, 2025  MSC Nastran 12/12/23   PAGE     1
                                                                                                                                    
0        N A S T R A N    F I L E    A N D    S Y S T E M    P A R A M E T E R    E C H O                                           
0                                                                                                                                   
                                                                                                                                    
                                                                                                                                    
     NASTRAN BUFFSIZE=65537 $(/HOME/DARIO/MSC/NASTRAN/20234/CONF/NAST20234RC[4])     
     $ $(/HOME/DARIO/MSC/NASTRAN/20234/CONF/NAST20234RC[6])                          
     $ $(/HOME/DARIO/MSC/NASTRAN/20234/CONF/NAST20234RC[14])                         
     $ END $(/HOME/DARIO/MSC/NASTRAN/20234/CONF/NAST20234RC[16])                     
     $ MSC.NASTRAN INPUT FILE GENERATED BY SCRIPT                                    
1                                                                              JUNE   9, 2025  MSC Nastran 12/12/23   PAGE     2
                                                                                                                                    
0        N A S T R A N    E X E C U T I V E    C O N T R O L    E C H O                                                             
0                                                                                                                                   
                                                                                                                                    
                                                                                                                                    
     SOL 145                                                                                 
     CEND                                                                                    
1    FLUTTER ANALYSIS OF COMPOSITE PANEL                                       JUNE   9, 2025  MSC Nastran 12/12/23   PAGE     3
                                                                                                                                    
0                                                                                                                                   
0                                        C A S E    C O N T R O L    E C H O                                                        
                 COMMAND                                                                                                            
                 COUNT                                                                                                              
                  1      TITLE = FLUTTER ANALYSIS OF COMPOSITE PANEL                                             
                  2      ECHO = NONE                                                                             
                  3      AECONFIG = AEROSG2D                                                                     
                  4      SUBCASE 1                                                                               
                  5         SUBTITLE = DEFAULT                                                                   
                  6         METHOD = 1                                                                           
                  7         SPC = 2                                                                              
                  8         VECTOR(SORT1,REAL)=ALL                                                               
                  9         SPCFORCES(SORT1,REAL)=ALL                                                            
                 10      FMETHOD = 1                                                                             
                 11      AESYMXZ = SYMMETRIC                                                                     
                 12      AESYMXY = ASYMMETRIC                                                                    
                 13      BEGIN BULK                                                                              
1    FLUTTER ANALYSIS OF COMPOSITE PANEL                                       JUNE   9, 2025  MSC Nastran 12/12/23   PAGE     4
                                                                                                                                    
0                                                                                                                                   
                                        M O D E L   S U M M A R Y          BULK = 0
                                   ENTRY NAME        NUMBER OF ENTRIES
                                   ----------        -----------------
                                       AELIST                        1
                                         AERO                        1
                                        AEROS                        1
                                       CAERO1                        1
                                       CQUAD4                     1024
                                        EIGRL                        1
                                       FLFACT                        3
                                      FLUTTER                        1
                                         GRID                     1105
                                         MAT8                        1
                                      MKAERO2                       20
                                       PAERO1                        1
                                        PARAM                        3
                                        PCOMP                     1024
                                         SET1                        1
                                          SPC                       17
                                       SPCADD                        1
                                      SPLINE4                        1

 ^^^     
 ^^^ >>> IFP OPERATIONS COMPLETE <<< 
 ^^^     
 *** USER INFORMATION MESSAGE 4109 (OUTPX2)
     THE LABEL IS XXXXXXXX FOR FORTRAN UNIT    12
     (MAXIMUM SIZE OF FORTRAN RECORDS WRITTEN =          7 WORDS.)
           (NUMBER OF FORTRAN RECORDS WRITTEN =         10 RECORDS.)
                (TOTAL DATA WRITTEN FOR LABEL =         21 WORDS.)
 *** USER INFORMATION MESSAGE 4114 (OUTPX2)
     DATA BLOCK GEOM1X   WRITTEN ON FORTRAN UNIT    12 IN BINARY (LTLEND) FORMAT USING NDDL DESCRIPTION FOR GEOM1S, TRL =
                    101                 0                 0                 8                 0                 0                 0
     NAME OF DATA BLOCK WRITTEN ON FORTRAN UNIT IS GEOM1   
        (MAXIMUM POSSIBLE FORTRAN RECORD SIZE =      131074 WORDS.)
     (MAXIMUM SIZE OF FORTRAN RECORDS WRITTEN =        8843 WORDS.)
           (NUMBER OF FORTRAN RECORDS WRITTEN =          20 RECORDS.)
           (TOTAL DATA WRITTEN FOR DATA BLOCK =        8881 WORDS.)
 *** USER INFORMATION MESSAGE 4114 (OUTPX2)
     DATA BLOCK GEOM2X   WRITTEN ON FORTRAN UNIT    12 IN BINARY (LTLEND) FORMAT USING NDDL DESCRIPTION FOR GEOM2S, TRL =
                    102                 0                 0                 0              8192                 0                 0
     NAME OF DATA BLOCK WRITTEN ON FORTRAN UNIT IS GEOM2   
        (MAXIMUM POSSIBLE FORTRAN RECORD SIZE =      131074 WORDS.)
     (MAXIMUM SIZE OF FORTRAN RECORDS WRITTEN =       15363 WORDS.)
           (NUMBER OF FORTRAN RECORDS WRITTEN =          20 RECORDS.)
           (TOTAL DATA WRITTEN FOR DATA BLOCK =       15401 WORDS.)
1    FLUTTER ANALYSIS OF COMPOSITE PANEL                                       JUNE   9, 2025  MSC Nastran 12/12/23   PAGE     5
                                                                                                                                    
0                                                                                                                                   
0                                                                                                                                   
                                                                                                                                    
                                                                                                                                    
 *** USER INFORMATION MESSAGE 4114 (OUTPX2)
     DATA BLOCK GEOM4X   WRITTEN ON FORTRAN UNIT    12 IN BINARY (LTLEND) FORMAT USING NDDL DESCRIPTION FOR GEOM4S, TRL =
                    104                 0                 0                 0               544                 0                 0
     NAME OF DATA BLOCK WRITTEN ON FORTRAN UNIT IS GEOM4   
        (MAXIMUM POSSIBLE FORTRAN RECORD SIZE =      131074 WORDS.)
     (MAXIMUM SIZE OF FORTRAN RECORDS WRITTEN =          88 WORDS.)
           (NUMBER OF FORTRAN RECORDS WRITTEN =          25 RECORDS.)
           (TOTAL DATA WRITTEN FOR DATA BLOCK =         136 WORDS.)
 *** USER INFORMATION MESSAGE 4114 (OUTPX2)
     DATA BLOCK EPTX     WRITTEN ON FORTRAN UNIT    12 IN BINARY (LTLEND) FORMAT USING NDDL DESCRIPTION FOR EPTS, TRL =
                    105                 0               544                 0                 0                 0                 0
     NAME OF DATA BLOCK WRITTEN ON FORTRAN UNIT IS EPT     
        (MAXIMUM POSSIBLE FORTRAN RECORD SIZE =      131074 WORDS.)
     (MAXIMUM SIZE OF FORTRAN RECORDS WRITTEN =       40963 WORDS.)
           (NUMBER OF FORTRAN RECORDS WRITTEN =          25 RECORDS.)
           (TOTAL DATA WRITTEN FOR DATA BLOCK =       52272 WORDS.)
 *** USER INFORMATION MESSAGE 4114 (OUTPX2)
     DATA BLOCK MPTS     WRITTEN ON FORTRAN UNIT    12 IN BINARY (LTLEND) FORMAT USING NDDL DESCRIPTION FOR MPTS, TRL =
                    101             16384               128                 0                 0                 0                 0
     NAME OF DATA BLOCK WRITTEN ON FORTRAN UNIT IS MPT     
        (MAXIMUM POSSIBLE FORTRAN RECORD SIZE =      131074 WORDS.)
     (MAXIMUM SIZE OF FORTRAN RECORDS WRITTEN =       70659 WORDS.)
           (NUMBER OF FORTRAN RECORDS WRITTEN =          25 RECORDS.)
           (TOTAL DATA WRITTEN FOR DATA BLOCK =       70723 WORDS.)
 *** USER INFORMATION MESSAGE 4114 (OUTPX2)
     DATA BLOCK DYNAMICS WRITTEN ON FORTRAN UNIT    12 IN BINARY (LTLEND) FORMAT USING NDDL DESCRIPTION FOR DYNAMICS, TRL =
                    103               256                 0                 0                 0                 0                 0
     NAME OF DATA BLOCK WRITTEN ON FORTRAN UNIT IS DYNAMICS
        (MAXIMUM POSSIBLE FORTRAN RECORD SIZE =      131074 WORDS.)
     (MAXIMUM SIZE OF FORTRAN RECORDS WRITTEN =          30 WORDS.)
           (NUMBER OF FORTRAN RECORDS WRITTEN =          20 RECORDS.)
           (TOTAL DATA WRITTEN FOR DATA BLOCK =          68 WORDS.)
 *** USER INFORMATION MESSAGE 4114 (OUTPX2)
     DATA BLOCK EDTS     WRITTEN ON FORTRAN UNIT    12 IN BINARY (LTLEND) FORMAT USING NDDL DESCRIPTION FOR EDTS, TRL =
                    105                 0              1543             10880                 0             32768                 0
     NAME OF DATA BLOCK WRITTEN ON FORTRAN UNIT IS EDT     
        (MAXIMUM POSSIBLE FORTRAN RECORD SIZE =      131074 WORDS.)
     (MAXIMUM SIZE OF FORTRAN RECORDS WRITTEN =        1110 WORDS.)
           (NUMBER OF FORTRAN RECORDS WRITTEN =          65 RECORDS.)
           (TOTAL DATA WRITTEN FOR DATA BLOCK =        2357 WORDS.)
 *** USER INFORMATION MESSAGE 4114 (OUTPX2)
     DATA BLOCK CASESO   WRITTEN ON FORTRAN UNIT    12 IN BINARY (LTLEND) FORMAT USING NDDL DESCRIPTION FOR CASES, TRL =
                    101                 1                 0              1000                 0                 0                 0
     NAME OF DATA BLOCK WRITTEN ON FORTRAN UNIT IS CASECC  
        (MAXIMUM POSSIBLE FORTRAN RECORD SIZE =      131074 WORDS.)
     (MAXIMUM SIZE OF FORTRAN RECORDS WRITTEN =        1000 WORDS.)
           (NUMBER OF FORTRAN RECORDS WRITTEN =          15 RECORDS.)
           (TOTAL DATA WRITTEN FOR DATA BLOCK =        1031 WORDS.)
1    FLUTTER ANALYSIS OF COMPOSITE PANEL                                       JUNE   9, 2025  MSC Nastran 12/12/23   PAGE     6
                                                                                                                                    
0                                                                                                                                   
 *** USER INFORMATION MESSAGE 7310 (VECPRN)
     ORIGIN OF SUPERELEMENT OR MODULE BASIC COORDINATE SYSTEM WILL BE USED AS REFERENCE LOCATION.
     RESULTANTS ABOUT ORIGIN OF SUPERELEMENT OR MODULE BASIC COORDINATE SYSTEM IN SUPERELEMENT OR MODULE
     BASIC SYSTEM COORDINATES.
0                                                  OLOAD    RESULTANT       
  SUBCASE/    LOAD
  DAREA ID    TYPE       T1            T2            T3            R1            R2            R3
0        1     FX    0.000000E+00     ----          ----          ----       0.000000E+00  0.000000E+00                             
               FY       ----       0.000000E+00     ----       0.000000E+00     ----       0.000000E+00                             
               FZ       ----          ----       0.000000E+00  0.000000E+00  0.000000E+00     ----                                  
               MX       ----          ----          ----       0.000000E+00     ----          ----                                  
               MY       ----          ----          ----          ----       0.000000E+00     ----                                  
               MZ       ----          ----          ----          ----          ----       0.000000E+00                             
             TOTALS  0.000000E+00  0.000000E+00  0.000000E+00  0.000000E+00  0.000000E+00  0.000000E+00
 *** USER INFORMATION MESSAGE 5010 (LNCILS)
     STURM SEQUENCE DATA FOR EIGENVALUE EXTRACTION.
     TRIAL EIGENVALUE = 1.585199D+06, CYCLES = 2.003835D+02 THE STURM COUNT = 4
 *** USER INFORMATION MESSAGE 5010 (LNCILS)
     STURM SEQUENCE DATA FOR EIGENVALUE EXTRACTION.
     TRIAL EIGENVALUE = 1.952439D+07, CYCLES = 7.032485D+02 THE STURM COUNT = 10

 TABLE OF SHIFTS:  (LNNRIGL)
 SHIFT #        SHIFT VALUE         FREQUENCY, CYCLES     # EIGENVALUES BELOW    # NEW EIGENVALUES FOUND
     1.        1.5851986E+06          2.0038351E+02                 4                       13
     2.        1.9524387E+07          7.0324853E+02                10                        0

1    FLUTTER ANALYSIS OF COMPOSITE PANEL                                       JUNE   9, 2025  MSC Nastran 12/12/23   PAGE     7
                                                                                                                                    
0                                                                                                            SUBCASE 1              
0


                          E I G E N V A L U E  A N A L Y S I S   S U M M A R Y   (READ MODULE) 



                                     BLOCK SIZE USED ......................     7

                                     NUMBER OF DECOMPOSITIONS .............     2

                                     NUMBER OF ROOTS FOUND ................    10

                                     NUMBER OF SOLVES REQUIRED ............     8

1    FLUTTER ANALYSIS OF COMPOSITE PANEL                                       JUNE   9, 2025  MSC Nastran 12/12/23   PAGE     8
                                                                                                                                    
0                                                                                                            SUBCASE 1              
 
                                              R E A L   E I G E N V A L U E S
                                         (BEFORE AUGMENTATION OF RESIDUAL VECTORS)
   MODE    EXTRACTION      EIGENVALUE            RADIANS             CYCLES            GENERALIZED         GENERALIZED
    NO.       ORDER                                                                       MASS              STIFFNESS
        1         1        4.955159E+03        7.039289E+01        1.120338E+01        1.000000E+00        4.955159E+03
        2         2        1.180827E+05        3.436317E+02        5.469068E+01        1.000000E+00        1.180827E+05
        3         3        2.256438E+05        4.750198E+02        7.560174E+01        1.000000E+00        2.256438E+05
        4         4        9.925737E+05        9.962800E+02        1.585629E+02        1.000000E+00        9.925737E+05
        5         5        2.199242E+06        1.482984E+03        2.360242E+02        1.000000E+00        2.199242E+06
        6         6        4.009209E+06        2.002301E+03        3.186761E+02        1.000000E+00        4.009209E+06
        7         7        6.862536E+06        2.619644E+03        4.169293E+02        1.000000E+00        6.862536E+06
        8         8        1.101038E+07        3.318189E+03        5.281061E+02        1.000000E+00        1.101038E+07
        9         9        1.543638E+07        3.928916E+03        6.253064E+02        1.000000E+00        1.543638E+07
       10        10        1.548104E+07        3.934595E+03        6.262102E+02        1.000000E+00        1.548104E+07
  
 *** SYSTEM INFORMATION MESSAGE 4159 (DFMSA)
     THE DECOMPOSITION OF KYY      YIELDS A MAXIMUM MATRIX-TO-FACTOR-DIAGONAL RATIO OF    1.512468E+04
 *** USER INFORMATION MESSAGE 5458 (REIG)
     QL HOUSEHOLDER METHOD IS AUTOMATICALLY SELECTED .
 *** USER INFORMATION MESSAGE 5458 (REIG)
     QL HOUSEHOLDER METHOD IS AUTOMATICALLY SELECTED .
 *** USER INFORMATION MESSAGE 5458 (REIG)
     QL HOUSEHOLDER METHOD IS AUTOMATICALLY SELECTED .
1    FLUTTER ANALYSIS OF COMPOSITE PANEL                                       JUNE   9, 2025  MSC Nastran 12/12/23   PAGE     9
                                                                                                                                    
0                                                                                                            SUBCASE 1              
 
                                              R E A L   E I G E N V A L U E S
                                         (AFTER AUGMENTATION OF RESIDUAL VECTORS)
   MODE    EXTRACTION      EIGENVALUE            RADIANS             CYCLES            GENERALIZED         GENERALIZED
    NO.       ORDER                                                                       MASS              STIFFNESS
        1         1        4.955159E+03        7.039289E+01        1.120338E+01        1.000000E+00        4.955159E+03
        2         2        1.180827E+05        3.436317E+02        5.469068E+01        1.000000E+00        1.180827E+05
        3         3        2.256438E+05        4.750198E+02        7.560174E+01        1.000000E+00        2.256438E+05
        4         4        9.925737E+05        9.962800E+02        1.585629E+02        1.000000E+00        9.925737E+05
        5         5        2.199242E+06        1.482984E+03        2.360242E+02        1.000000E+00        2.199242E+06
        6         6        4.009209E+06        2.002301E+03        3.186761E+02        1.000000E+00        4.009209E+06
        7         7        6.862536E+06        2.619644E+03        4.169293E+02        1.000000E+00        6.862536E+06
        8         8        1.101038E+07        3.318189E+03        5.281061E+02        1.000000E+00        1.101038E+07
        9         9        1.543638E+07        3.928916E+03        6.253064E+02        1.000000E+00        1.543638E+07
       10        10        1.548104E+07        3.934595E+03        6.262102E+02        1.000000E+00        1.548104E+07
       11        11        2.562762E+07        5.062373E+03        8.057016E+02        1.000000E+00        2.562762E+07
       12        12        4.298100E+07        6.555989E+03        1.043418E+03        1.000000E+00        4.298100E+07
       13        13        1.127260E+08        1.061725E+04        1.689787E+03        1.000000E+00        1.127260E+08
       14        14        3.337435E+08        1.826865E+04        2.907546E+03        1.000000E+00        3.337435E+08
       15        15        6.464809E+08        2.542599E+04        4.046672E+03        1.000000E+00        6.464809E+08
       16        16        2.784005E+09        5.276367E+04        8.397599E+03        1.000000E+00        2.784005E+09


 A ZERO FREQUENCY ROOT HAS EMERGED.  WHEN THE MACH NO., DENSITY AND VELOCITY ARE COMPATIBLE
 IT MAY BE INTERPRETED TWO WAYS DEPENDING ON THE SIGN OF THE REAL PART:
   1. (-) A MODE IS CRITICALLY DAMPED, OR,
   2. (+) THE SYSTEM IS DIVERGING.
 ONLY THE MOST CRITICAL ( I.E., MOST POSITIVE REAL ROOTS )  ARE PRINTED IN THE FLUTTER SUMMARY.
 FOR INFORMATIONAL PURPOSES, THE REMAINING REAL ROOTS ARE PRINTED HERE.

      LESS CRITICAL REAL ROOTS FOR LOOP    4      MACH        VELOCITY        DENSITY
                                              0.00000E+00    3.40000E+01    1.00000E+00

         KFREQ          DAMPING                 COMPLEX EIGENVALUE

        0.0000     -3.2012769E-01       -9.9007512E+01        0.0000000E+00

      LESS CRITICAL REAL ROOTS FOR LOOP    5      MACH        VELOCITY        DENSITY
                                              0.00000E+00    4.50000E+01    1.00000E+00

         KFREQ          DAMPING                 COMPLEX EIGENVALUE

        0.0000     -4.7284977E-01       -1.9355379E+02        0.0000000E+00

      LESS CRITICAL REAL ROOTS FOR LOOP    6      MACH        VELOCITY        DENSITY
                                              0.00000E+00    5.60000E+01    1.00000E+00

         KFREQ          DAMPING                 COMPLEX EIGENVALUE

        0.0000     -6.4236066E-01       -3.2721481E+02        0.0000000E+00
1    FLUTTER ANALYSIS OF COMPOSITE PANEL                                       JUNE   9, 2025  MSC Nastran 12/12/23   PAGE    10
      DEFAULT                                                                                                                       
0                                                                                                            SUBCASE 1              

      LESS CRITICAL REAL ROOTS FOR LOOP    7      MACH        VELOCITY        DENSITY
                                              0.00000E+00    6.70000E+01    1.00000E+00

         KFREQ          DAMPING                 COMPLEX EIGENVALUE

        0.0000     -7.7979982E-01       -4.7525197E+02        0.0000000E+00

      LESS CRITICAL REAL ROOTS FOR LOOP    8      MACH        VELOCITY        DENSITY
                                              0.00000E+00    7.80000E+01    1.00000E+00

         KFREQ          DAMPING                 COMPLEX EIGENVALUE

        0.0000     -8.6956723E-01       -6.1696959E+02        0.0000000E+00

      LESS CRITICAL REAL ROOTS FOR LOOP    9      MACH        VELOCITY        DENSITY
                                              0.00000E+00    8.90000E+01    1.00000E+00

         KFREQ          DAMPING                 COMPLEX EIGENVALUE

        0.0000     -9.2889443E-01       -7.5200782E+02        0.0000000E+00

      LESS CRITICAL REAL ROOTS FOR LOOP   10      MACH        VELOCITY        DENSITY
                                              0.00000E+00    1.00000E+02    1.00000E+00

         KFREQ          DAMPING                 COMPLEX EIGENVALUE

        0.0000     -9.7034675E-01       -8.8265898E+02        0.0000000E+00
1    FLUTTER ANALYSIS OF COMPOSITE PANEL                                       JUNE   9, 2025  MSC Nastran 12/12/23   PAGE    11
      DEFAULT                                                                                                                       
0                                                                                                            SUBCASE 1              
0                                                       FLUTTER  SUMMARY
                         CONFIGURATION = AEROSG2D     XY-SYMMETRY = ASYMMETRIC     XZ-SYMMETRY = SYMMETRIC
       POINT =    1     MACH NUMBER =  0.0000     DENSITY RATIO =  1.0000E+00     METHOD = PK  


       KFREQ            1./KFREQ         VELOCITY            DAMPING         FREQUENCY            COMPLEX   EIGENVALUE
        2.6385       3.7900205E-01     1.0000000E+00    -8.8228472E-03     1.1021827E+01    -3.0550071E-01     6.9252182E+01
        0.2024       4.9418501E+00     1.2000000E+01    -1.9278713E-01     1.0143477E+01    -6.1434843E+00     6.3733344E+01
        0.0599       1.6682611E+01     2.3000000E+01    -8.5190546E-01     5.7591576E+00    -1.5413463E+01     3.6185854E+01
        0.0000       1.0000000E+25     3.4000000E+01     1.2945587E-01     0.0000000E+00     4.0037474E+01     0.0000000E+00
        0.0000       1.0000000E+25     4.5000000E+01     1.9964830E-01     0.0000000E+00     8.1722967E+01     0.0000000E+00
        0.0000       1.0000000E+25     5.6000000E+01     2.4787431E-01     0.0000000E+00     1.2626574E+02     0.0000000E+00
        0.0000       1.0000000E+25     6.7000000E+01     2.9903706E-01     0.0000000E+00     1.8224927E+02     0.0000000E+00
        0.0000       1.0000000E+25     7.8000000E+01     3.5669710E-01     0.0000000E+00     2.5308137E+02     0.0000000E+00
        0.0000       1.0000000E+25     8.9000000E+01     4.1150624E-01     0.0000000E+00     3.3314433E+02     0.0000000E+00
        0.0000       1.0000000E+25     1.0000000E+02     4.5579433E-01     0.0000000E+00     4.1460536E+02     0.0000000E+00
1    FLUTTER ANALYSIS OF COMPOSITE PANEL                                       JUNE   9, 2025  MSC Nastran 12/12/23   PAGE    12
      DEFAULT                                                                                                                       
0                                                                                                            SUBCASE 1              
0                                                       FLUTTER  SUMMARY
                         CONFIGURATION = AEROSG2D     XY-SYMMETRY = ASYMMETRIC     XZ-SYMMETRY = SYMMETRIC
       POINT =    2     MACH NUMBER =  0.0000     DENSITY RATIO =  1.0000E+00     METHOD = PK  


       KFREQ            1./KFREQ         VELOCITY            DAMPING         FREQUENCY            COMPLEX   EIGENVALUE
       13.0080       7.6875666E-02     1.0000000E+00    -6.9006426E-04     5.4338327E+01    -1.1780010E-01     3.4141778E+02
        1.0723       9.3256367E-01     1.2000000E+01    -3.8838725E-02     5.3752406E+01    -6.5586242E+00     3.3773633E+02
        0.5534       1.8070563E+00     2.3000000E+01    -8.0421598E-02     5.3168121E+01    -1.3433027E+01     3.3406516E+02
        0.3660       2.7320139E+00     3.4000000E+01    -1.3578208E-01     5.1986571E+01    -2.2176014E+01     3.2664126E+02
        0.2631       3.8007009E+00     4.5000000E+01    -2.1108469E-01     4.9458845E+01    -3.2798244E+01     3.1075909E+02
        0.1910       5.2359668E+00     5.6000000E+01    -2.1621998E-01     4.4677236E+01    -3.0348134E+01     2.8071535E+02
        0.1424       7.0231052E+00     6.7000000E+01    -2.0669214E-02     3.9851143E+01    -2.5877041E+00     2.5039212E+02
        0.1059       9.4462689E+00     7.8000000E+01     1.4389159E-01     3.4492880E+01     1.5592464E+01     2.1672516E+02
        0.0826       1.2111454E+01     8.9000000E+01     2.2343830E-01     3.0696500E+01     2.1547473E+01     1.9287180E+02
        0.0668       1.4977793E+01     1.0000000E+02     2.8188130E-01     2.7889923E+01     2.4698095E+01     1.7523756E+02
1    FLUTTER ANALYSIS OF COMPOSITE PANEL                                       JUNE   9, 2025  MSC Nastran 12/12/23   PAGE    13
      DEFAULT                                                                                                                       
0                                                                                                            SUBCASE 1              
0                                                       FLUTTER  SUMMARY
                         CONFIGURATION = AEROSG2D     XY-SYMMETRY = ASYMMETRIC     XZ-SYMMETRY = SYMMETRIC
       POINT =    3     MACH NUMBER =  0.0000     DENSITY RATIO =  1.0000E+00     METHOD = PK  


       KFREQ            1./KFREQ         VELOCITY            DAMPING         FREQUENCY            COMPLEX   EIGENVALUE
       18.0308       5.5460723E-02     1.0000000E+00    -2.0584309E-04     7.5319882E+01    -4.8707495E-02     4.7324878E+02
        1.4753       6.7784009E-01     1.2000000E+01    -1.1422299E-02     7.3951869E+01    -2.6537045E+00     4.6465329E+02
        0.7410       1.3494736E+00     2.3000000E+01    -2.4794555E-02     7.1196494E+01    -5.5458076E+00     4.4734077E+02
        0.4678       2.1376999E+00     3.4000000E+01    -2.7099107E-02     6.6439650E+01    -5.6562968E+00     4.1745263E+02
        0.3198       3.1271375E+00     4.5000000E+01     7.5205749E-04     6.0111932E+01     1.4202395E-01     3.7769441E+02
        0.2279       4.3879047E+00     5.6000000E+01     1.7707572E-02     5.3312125E+01     2.9657524E+00     3.3496996E+02
        0.1698       5.8909977E+00     6.7000000E+01    -7.7381714E-02     4.7509571E+01    -1.1549663E+01     2.9851144E+02
        0.1356       7.3744706E+00     7.8000000E+01    -1.9029229E-01     4.4183377E+01    -2.6413744E+01     2.7761235E+02
        0.1083       9.2370011E+00     8.9000000E+01    -2.9568878E-01     4.0248914E+01    -3.7388573E+01     2.5289138E+02
        0.0840       1.1899441E+01     1.0000000E+02    -4.4479749E-01     3.5104969E+01    -4.9054719E+01     2.2057102E+02
1    FLUTTER ANALYSIS OF COMPOSITE PANEL                                       JUNE   9, 2025  MSC Nastran 12/12/23   PAGE    14
      DEFAULT                                                                                                                       
0                                                                                                            SUBCASE 1              
0                                                       FLUTTER  SUMMARY
                         CONFIGURATION = AEROSG2D     XY-SYMMETRY = ASYMMETRIC     XZ-SYMMETRY = SYMMETRIC
       POINT =    4     MACH NUMBER =  0.0000     DENSITY RATIO =  1.0000E+00     METHOD = PK  


       KFREQ            1./KFREQ         VELOCITY            DAMPING         FREQUENCY            COMPLEX   EIGENVALUE
       37.8612       2.6412240E-02     1.0000000E+00     1.3810879E-03     1.5815755E+02     6.8621642E-01     9.9373318E+02
        3.1218       3.2032488E-01     1.2000000E+01    -1.0003032E-02     1.5648969E+02    -4.9177592E+00     9.8325371E+02
        1.6279       6.1429882E-01     2.3000000E+01    -2.0811573E-02     1.5640236E+02    -1.0225819E+01     9.8270504E+02
        1.1011       9.0814232E-01     3.4000000E+01    -3.1639094E-02     1.5639403E+02    -1.5545120E+01     9.8265264E+02
        0.8320       1.2019163E+00     4.5000000E+01    -4.2766616E-02     1.5639881E+02    -2.1013007E+01     9.8268272E+02
        0.6686       1.4956285E+00     5.6000000E+01    -5.4322784E-02     1.5640817E+02    -2.6692628E+01     9.8274153E+02
        0.5589       1.7891534E+00     6.7000000E+01    -6.6600231E-02     1.5643084E+02    -3.2730149E+01     9.8288394E+02
        0.4802       2.0823808E+00     7.8000000E+01    -7.9939858E-02     1.5646947E+02    -3.9295503E+01     9.8312667E+02
        0.4210       2.3750340E+00     8.9000000E+01    -9.4731485E-02     1.5653639E+02    -4.6586442E+01     9.8354717E+02
        0.3750       2.6666585E+00     1.0000000E+02    -1.1163813E-01     1.5664905E+02    -5.4940191E+01     9.8425499E+02
1    FLUTTER ANALYSIS OF COMPOSITE PANEL                                       JUNE   9, 2025  MSC Nastran 12/12/23   PAGE    15
      DEFAULT                                                                                                                       
0                                                                                                            SUBCASE 1              
0                                                       FLUTTER  SUMMARY
                         CONFIGURATION = AEROSG2D     XY-SYMMETRY = ASYMMETRIC     XZ-SYMMETRY = SYMMETRIC
       POINT =    5     MACH NUMBER =  0.0000     DENSITY RATIO =  1.0000E+00     METHOD = PK  


       KFREQ            1./KFREQ         VELOCITY            DAMPING         FREQUENCY            COMPLEX   EIGENVALUE
       56.4400       1.7717915E-02     1.0000000E+00     5.1501292E-04     2.3576674E+02     3.8146135E-01     1.4813661E+03
        4.6695       2.1415558E-01     1.2000000E+01    -4.0200295E-03     2.3407067E+02    -2.9561476E+00     1.4707094E+03
        2.4275       4.1195243E-01     2.3000000E+01    -8.3916295E-03     2.3322544E+02    -6.1485414E+00     1.4653987E+03
        1.6331       6.1233216E-01     3.4000000E+01    -1.2712847E-02     2.3194606E+02    -9.2635977E+00     1.4573601E+03
        1.2244       8.1674694E-01     4.5000000E+01    -1.7037562E-02     2.3015486E+02    -1.2319057E+01     1.4461056E+03
        0.9739       1.0268197E+00     5.6000000E+01    -2.1208686E-02     2.2781851E+02    -1.5179332E+01     1.4314259E+03
        0.8036       1.2444531E+00     6.7000000E+01    -2.5160774E-02     2.2490101E+02    -1.7777279E+01     1.4130947E+03
        0.6794       1.4719687E+00     7.8000000E+01    -2.8782069E-02     2.2135594E+02    -2.0015344E+01     1.3908204E+03
        0.5841       1.7119886E+00     8.9000000E+01    -3.1105512E-02     2.1716223E+02    -2.1221277E+01     1.3644705E+03
        0.5082       1.9676934E+00     1.0000000E+02    -3.0994918E-02     2.1229400E+02    -2.0671790E+01     1.3338826E+03
1    FLUTTER ANALYSIS OF COMPOSITE PANEL                                       JUNE   9, 2025  MSC Nastran 12/12/23   PAGE    16
      DEFAULT                                                                                                                       
0                                                                                                            SUBCASE 1              
0                                                       FLUTTER  SUMMARY
                         CONFIGURATION = AEROSG2D     XY-SYMMETRY = ASYMMETRIC     XZ-SYMMETRY = SYMMETRIC
       POINT =    6     MACH NUMBER =  0.0000     DENSITY RATIO =  1.0000E+00     METHOD = PK  


       KFREQ            1./KFREQ         VELOCITY            DAMPING         FREQUENCY            COMPLEX   EIGENVALUE
       76.1993       1.3123486E-02     1.0000000E+00     1.4302707E-03     3.1830681E+02     1.4302569E+00     1.9999807E+03
        6.2967       1.5881382E-01     1.2000000E+01    -3.6067531E-03     3.1563715E+02    -3.5764684E+00     1.9832067E+03
        3.2790       3.0497419E-01     2.3000000E+01    -8.5789088E-03     3.1503580E+02    -8.4906675E+00     1.9794283E+03
        2.2167       4.5112351E-01     3.4000000E+01    -1.3383546E-02     3.1483181E+02    -1.3237308E+01     1.9781466E+03
        1.6740       5.9738077E-01     4.5000000E+01    -1.8166395E-02     3.1467079E+02    -1.7958707E+01     1.9771349E+03
        1.3444       7.4380806E-01     5.6000000E+01    -2.2998801E-02     3.1450120E+02    -2.2723613E+01     1.9760693E+03
        1.1230       8.9045477E-01     6.7000000E+01    -2.7919118E-02     3.1430993E+02    -2.7568280E+01     1.9748675E+03
        0.9640       1.0373622E+00     7.8000000E+01    -3.2950295E-02     3.1409377E+02    -3.2513858E+01     1.9735094E+03
        0.8442       1.1845664E+00     8.9000000E+01    -3.8119739E-02     3.1385260E+02    -3.7585949E+01     1.9719941E+03
        0.7507       1.3320966E+00     1.0000000E+02    -4.3448886E-02     3.1358800E+02    -4.2804355E+01     1.9703315E+03
1    FLUTTER ANALYSIS OF COMPOSITE PANEL                                       JUNE   9, 2025  MSC Nastran 12/12/23   PAGE    17
      DEFAULT                                                                                                                       
0                                                                                                            SUBCASE 1              
0                                                       FLUTTER  SUMMARY
                         CONFIGURATION = AEROSG2D     XY-SYMMETRY = ASYMMETRIC     XZ-SYMMETRY = SYMMETRIC
       POINT =    7     MACH NUMBER =  0.0000     DENSITY RATIO =  1.0000E+00     METHOD = PK  


       KFREQ            1./KFREQ         VELOCITY            DAMPING         FREQUENCY            COMPLEX   EIGENVALUE
       99.7481       1.0025257E-02     1.0000000E+00     5.9844682E-04     4.1667710E+02     7.8338466E-01     2.6180594E+03
        8.2692       1.2093088E-01     1.2000000E+01    -1.6345976E-03     4.1451398E+02    -2.1286286E+00     2.6044681E+03
        4.3042       2.3232864E-01     2.3000000E+01    -3.8805300E-03     4.1354258E+02    -5.0415160E+00     2.5983647E+03
        2.9070       3.4400199E-01     3.4000000E+01    -6.0261113E-03     4.1286980E+02    -7.8162806E+00     2.5941375E+03
        2.1919       4.5622570E-01     4.5000000E+01    -8.0995840E-03     4.1202914E+02    -1.0484326E+01     2.5888554E+03
        1.7569       5.6919815E-01     5.6000000E+01    -1.0124048E-02     4.1097907E+02    -1.3071450E+01     2.5822577E+03
        1.4639       6.8311909E-01     6.7000000E+01    -1.2099982E-02     4.0970714E+02    -1.5574285E+01     2.5742659E+03
        1.2528       7.9819483E-01     7.8000000E+01    -1.4022526E-02     4.0820737E+02    -1.7982786E+01     2.5648426E+03
        1.0933       9.1464021E-01     8.9000000E+01    -1.5874808E-02     4.0647597E+02    -2.0271843E+01     2.5539638E+03
        0.9684       1.0326795E+00     1.0000000E+02    -1.7626705E-02     4.0451031E+02    -2.2400134E+01     2.5416132E+03
1    FLUTTER ANALYSIS OF COMPOSITE PANEL                                       JUNE   9, 2025  MSC Nastran 12/12/23   PAGE    18
      DEFAULT                                                                                                                       
0                                                                                                            SUBCASE 1              
0                                                       FLUTTER  SUMMARY
                         CONFIGURATION = AEROSG2D     XY-SYMMETRY = ASYMMETRIC     XZ-SYMMETRY = SYMMETRIC
       POINT =    8     MACH NUMBER =  0.0000     DENSITY RATIO =  1.0000E+00     METHOD = PK  


       KFREQ            1./KFREQ         VELOCITY            DAMPING         FREQUENCY            COMPLEX   EIGENVALUE
      126.3446       7.9148604E-03     1.0000000E+00     1.3393629E-03     5.2777875E+02     2.2207519E+00     3.3161317E+03
       10.4718       9.5494538E-02     1.2000000E+01    -1.5765510E-03     5.2492574E+02    -2.5998948E+00     3.2982057E+03
        5.4478       1.8355973E-01     2.3000000E+01    -4.4964474E-03     5.2341430E+02    -7.3937536E+00     3.2887090E+03
        3.6819       2.7160067E-01     3.4000000E+01    -7.3846010E-03     5.2292962E+02    -1.2131658E+01     3.2856637E+03
        2.7803       3.5966949E-01     4.5000000E+01    -1.0199305E-02     5.2264171E+02    -1.6746519E+01     3.2838547E+03
        2.2331       4.4780571E-01     5.6000000E+01    -1.2987343E-02     5.2238843E+02    -2.1313940E+01     3.2822633E+03
        1.8655       5.3603524E-01     6.7000000E+01    -1.5777727E-02     5.2212756E+02    -2.5880396E+01     3.2806242E+03
        1.6016       6.2438054E-01     7.8000000E+01    -1.8588326E-02     5.2184365E+02    -3.0474077E+01     3.2788404E+03
        1.4028       7.1286212E-01     8.9000000E+01    -2.1431943E-02     5.2153039E+02    -3.5114869E+01     3.2768721E+03
        1.2477       8.0149908E-01     1.0000000E+02    -2.4318158E-02     5.2118526E+02    -3.9817379E+01     3.2747036E+03
1    FLUTTER ANALYSIS OF COMPOSITE PANEL                                       JUNE   9, 2025  MSC Nastran 12/12/23   PAGE    19
      DEFAULT                                                                                                                       
0                                                                                                            SUBCASE 1              
0                                                       FLUTTER  SUMMARY
                         CONFIGURATION = AEROSG2D     XY-SYMMETRY = ASYMMETRIC     XZ-SYMMETRY = SYMMETRIC
       POINT =    9     MACH NUMBER =  0.0000     DENSITY RATIO =  1.0000E+00     METHOD = PK  


       KFREQ            1./KFREQ         VELOCITY            DAMPING         FREQUENCY            COMPLEX   EIGENVALUE
      149.6344       6.6829542E-03     1.0000000E+00     3.9341986E-04     6.2506714E+02     7.7256107E-01     3.9274127E+03
       12.4238       8.0490911E-02     1.2000000E+01    -6.8556958E-04     6.2277269E+02    -1.3413156E+00     3.9129962E+03
        6.4661       1.5465337E-01     2.3000000E+01    -1.7854723E-03     6.2124602E+02    -3.4847097E+00     3.9034038E+03
        4.3684       2.2891654E-01     3.4000000E+01    -2.8794731E-03     6.2043587E+02    -5.6125445E+00     3.8983135E+03
        3.2970       3.0330499E-01     4.5000000E+01    -3.9262926E-03     6.1976652E+02    -7.6447034E+00     3.8941079E+03
        2.6461       3.7791649E-01     5.6000000E+01    -4.9336276E-03     6.1899528E+02    -9.5940852E+00     3.8892620E+03
        2.2084       4.5281228E-01     6.7000000E+01    -5.9088087E-03     6.1809007E+02    -1.1473649E+01     3.8835744E+03
        1.8938       5.2805263E-01     7.8000000E+01    -6.8531357E-03     6.1703890E+02    -1.3284700E+01     3.8769698E+03
        1.6565       6.0369816E-01     8.9000000E+01    -7.7654633E-03     6.1583633E+02    -1.5023895E+01     3.8694138E+03
        1.4710       6.7981048E-01     1.0000000E+02    -8.6427931E-03     6.1447936E+02    -1.6684427E+01     3.8608877E+03
1    FLUTTER ANALYSIS OF COMPOSITE PANEL                                       JUNE   9, 2025  MSC Nastran 12/12/23   PAGE    20
      DEFAULT                                                                                                                       
0                                                                                                            SUBCASE 1              
0                                                       FLUTTER  SUMMARY
                         CONFIGURATION = AEROSG2D     XY-SYMMETRY = ASYMMETRIC     XZ-SYMMETRY = SYMMETRIC
       POINT =   10     MACH NUMBER =  0.0000     DENSITY RATIO =  1.0000E+00     METHOD = PK  


       KFREQ            1./KFREQ         VELOCITY            DAMPING         FREQUENCY            COMPLEX   EIGENVALUE
      149.9081       6.6707551E-03     1.0000000E+00     0.0000000E+00     6.2621023E+02     0.0000000E+00     3.9345949E+03
       12.4923       8.0049062E-02     1.2000000E+01     2.7427039E-14     6.2621023E+02     5.3957143E-11     3.9345949E+03
        6.5177       1.5342737E-01     2.3000000E+01     5.1256473E-15     6.2621023E+02     1.0083673E-11     3.9345949E+03
        4.4091       2.2680567E-01     3.4000000E+01    -6.8785146E-15     6.2621023E+02    -1.3532084E-11     3.9345949E+03
        3.3313       3.0018398E-01     4.5000000E+01    -3.4239560E-15     6.2621023E+02    -6.7359399E-12     3.9345949E+03
        2.6769       3.7356229E-01     5.6000000E+01     1.3784378E-14     6.2621023E+02     2.7117973E-11     3.9345949E+03
        2.2374       4.4694059E-01     6.7000000E+01    -2.1336637E-15     6.2621023E+02    -4.1975511E-12     3.9345949E+03
        1.9219       5.2031890E-01     7.8000000E+01     0.0000000E+00     6.2621023E+02     0.0000000E+00     3.9345949E+03
        1.6844       5.9369721E-01     8.9000000E+01     0.0000000E+00     6.2621023E+02     0.0000000E+00     3.9345949E+03
        1.4991       6.6707551E-01     1.0000000E+02    -8.5359903E-16     6.2621023E+02    -1.6792832E-12     3.9345949E+03
1    FLUTTER ANALYSIS OF COMPOSITE PANEL                                       JUNE   9, 2025  MSC Nastran 12/12/23   PAGE    21
      DEFAULT                                                                                                                       
0                                                                                                            SUBCASE 1              
0                                                       FLUTTER  SUMMARY
                         CONFIGURATION = AEROSG2D     XY-SYMMETRY = ASYMMETRIC     XZ-SYMMETRY = SYMMETRIC
       POINT =   11     MACH NUMBER =  0.0000     DENSITY RATIO =  1.0000E+00     METHOD = PK  


       KFREQ            1./KFREQ         VELOCITY            DAMPING         FREQUENCY            COMPLEX   EIGENVALUE
      192.8011       5.1866918E-03     1.0000000E+00     1.3717072E-03     8.0538718E+02     3.4706915E+00     5.0603969E+03
       16.0074       6.2471150E-02     1.2000000E+01    -6.1238823E-04     8.0241104E+02    -1.5437380E+00     5.0416973E+03
        8.3296       1.2005430E-01     2.3000000E+01    -2.5997322E-03     8.0028606E+02    -6.5361759E+00     5.0283456E+03
        5.6258       1.7775391E-01     3.4000000E+01    -4.5901115E-03     7.9901494E+02    -1.1522004E+01     5.0203589E+03
        4.2478       2.3541692E-01     4.5000000E+01    -6.5721418E-03     7.9849095E+02    -1.6486437E+01     5.0170666E+03
        3.4122       2.9306982E-01     5.6000000E+01    -8.5140219E-03     7.9820067E+02    -2.1349943E+01     5.0152428E+03
        2.8512       3.5073147E-01     6.7000000E+01    -1.0428361E-02     7.9798590E+02    -2.6143345E+01     5.0138933E+03
        2.4485       4.0840817E-01     7.8000000E+01    -1.2328274E-02     7.9780240E+02    -3.0899219E+01     5.0127403E+03
        2.1454       4.6610487E-01     8.9000000E+01    -1.4222536E-02     7.9763008E+02    -3.5639240E+01     5.0116576E+03
        1.9090       5.2382565E-01     1.0000000E+02    -1.6117156E-02     7.9745906E+02    -4.0378174E+01     5.0105831E+03
1    FLUTTER ANALYSIS OF COMPOSITE PANEL                                       JUNE   9, 2025  MSC Nastran 12/12/23   PAGE    22
      DEFAULT                                                                                                                       
0                                                                                                            SUBCASE 1              
0                                                       FLUTTER  SUMMARY
                         CONFIGURATION = AEROSG2D     XY-SYMMETRY = ASYMMETRIC     XZ-SYMMETRY = SYMMETRIC
       POINT =   12     MACH NUMBER =  0.0000     DENSITY RATIO =  1.0000E+00     METHOD = PK  


       KFREQ            1./KFREQ         VELOCITY            DAMPING         FREQUENCY            COMPLEX   EIGENVALUE
      249.7281       4.0043552E-03     1.0000000E+00     4.8940600E-04     1.0431880E+03     1.6039164E+00     6.5545432E+03
       20.7628       4.8163128E-02     1.2000000E+01    -3.1641833E-04     1.0407867E+03    -1.0346018E+00     6.5394555E+03
       10.8124       9.2486591E-02     2.3000000E+01    -1.1323724E-03     1.0388294E+03    -3.6955866E+00     6.5271574E+03
        7.3036       1.3691937E-01     3.4000000E+01    -1.9533128E-03     1.0373115E+03    -6.3654757E+00     6.5176204E+03
        5.5125       1.8140444E-01     4.5000000E+01    -2.7751323E-03     1.0362386E+03    -9.0342754E+00     6.5108790E+03
        4.4268       2.2589891E-01     5.6000000E+01    -3.5902709E-03     1.0355452E+03    -1.1680089E+01     6.5065221E+03
        3.6976       2.7044406E-01     6.7000000E+01    -4.3853589E-03     1.0348860E+03    -1.4257636E+01     6.5023806E+03
        3.1740       3.1506305E-01     7.8000000E+01    -5.1649741E-03     1.0341708E+03    -1.6780709E+01     6.4978870E+03
        2.7796       3.5977002E-01     8.9000000E+01    -5.9329065E-03     1.0333803E+03    -1.9260944E+01     6.4929201E+03
        2.4717       4.0457878E-01     1.0000000E+02    -6.6909602E-03     1.0325047E+03    -2.1703530E+01     6.4874186E+03
1    FLUTTER ANALYSIS OF COMPOSITE PANEL                                       JUNE   9, 2025  MSC Nastran 12/12/23   PAGE    23
      DEFAULT                                                                                                                       
0                                                                                                            SUBCASE 1              
0                                                       FLUTTER  SUMMARY
                         CONFIGURATION = AEROSG2D     XY-SYMMETRY = ASYMMETRIC     XZ-SYMMETRY = SYMMETRIC
       POINT =   13     MACH NUMBER =  0.0000     DENSITY RATIO =  1.0000E+00     METHOD = PK  


       KFREQ            1./KFREQ         VELOCITY            DAMPING         FREQUENCY            COMPLEX   EIGENVALUE
      404.4371       2.4725724E-03     1.0000000E+00     1.3112787E-03     1.6894531E+03     6.9597083E+00     1.0615147E+04
       33.6321       2.9733520E-02     1.2000000E+01     5.3131208E-04     1.6858932E+03     2.8140359E+00     1.0592780E+04
       17.5147       5.7094846E-02     2.3000000E+01    -2.5303882E-04     1.6827751E+03    -1.3377135E+00     1.0573188E+04
       11.8294       8.4535482E-02     3.4000000E+01    -1.0399808E-03     1.6800996E+03    -5.4892148E+00     1.0556377E+04
        8.9258       1.1203471E-01     4.5000000E+01    -1.8278074E-03     1.6778574E+03    -9.6346374E+00     1.0542289E+04
        7.1648       1.3957041E-01     5.6000000E+01    -2.6170564E-03     1.6760610E+03    -1.3780113E+01     1.0531002E+04
        5.9836       1.6712251E-01     6.7000000E+01    -3.4056033E-03     1.6746923E+03    -1.7917564E+01     1.0522402E+04
        5.1369       1.9466934E-01     7.8000000E+01    -4.1932332E-03     1.6737562E+03    -2.2049112E+01     1.0516521E+04
        4.5005       2.2219823E-01     8.9000000E+01    -4.9772937E-03     1.6731873E+03    -2.6163011E+01     1.0512946E+04
        4.0044       2.4972501E-01     1.0000000E+02    -5.7520415E-03     1.6727580E+03    -3.0227692E+01     1.0510248E+04
1    FLUTTER ANALYSIS OF COMPOSITE PANEL                                       JUNE   9, 2025  MSC Nastran 12/12/23   PAGE    24
      DEFAULT                                                                                                                       
0                                                                                                            SUBCASE 1              
0                                                       FLUTTER  SUMMARY
                         CONFIGURATION = AEROSG2D     XY-SYMMETRY = ASYMMETRIC     XZ-SYMMETRY = SYMMETRIC
       POINT =   14     MACH NUMBER =  0.0000     DENSITY RATIO =  1.0000E+00     METHOD = PK  


       KFREQ            1./KFREQ         VELOCITY            DAMPING         FREQUENCY            COMPLEX   EIGENVALUE
      696.0355       1.4367083E-03     1.0000000E+00    -1.1891184E-14     2.9075457E+03    -1.0861793E-10     1.8268648E+04
       58.0030       1.7240500E-02     1.2000000E+01     3.5672202E-13     2.9075457E+03     3.2584145E-09     1.8268648E+04
       30.2624       3.3044291E-02     2.3000000E+01     4.1458164E-13     2.9075457E+03     3.7869232E-09     1.8268648E+04
       20.4716       4.8848083E-02     3.4000000E+01     2.8598191E-13     2.9075457E+03     2.6122515E-09     1.8268648E+04
       15.4675       6.4651874E-02     4.5000000E+01    -2.0219924E-13     2.9075457E+03    -1.8469534E-09     1.8268648E+04
       12.4292       8.0455666E-02     5.6000000E+01     1.2787824E-13     2.9075457E+03     1.1680813E-09     1.8268648E+04
       10.3886       9.6259457E-02     6.7000000E+01     1.9618059E-13     2.9075457E+03     1.7919771E-09     1.8268648E+04
        8.9235       1.1206325E-01     7.8000000E+01    -2.7001412E-13     2.9075457E+03    -2.4663965E-09     1.8268648E+04
        7.8206       1.2786704E-01     8.9000000E+01     1.5925988E-13     2.9075457E+03     1.4547313E-09     1.8268648E+04
        6.9604       1.4367083E-01     1.0000000E+02    -3.1757039E-13     2.9075457E+03    -2.9007909E-09     1.8268648E+04
1    FLUTTER ANALYSIS OF COMPOSITE PANEL                                       JUNE   9, 2025  MSC Nastran 12/12/23   PAGE    25
      DEFAULT                                                                                                                       
0                                                                                                            SUBCASE 1              
0                                                       FLUTTER  SUMMARY
                         CONFIGURATION = AEROSG2D     XY-SYMMETRY = ASYMMETRIC     XZ-SYMMETRY = SYMMETRIC
       POINT =   15     MACH NUMBER =  0.0000     DENSITY RATIO =  1.0000E+00     METHOD = PK  


       KFREQ            1./KFREQ         VELOCITY            DAMPING         FREQUENCY            COMPLEX   EIGENVALUE
      968.7302       1.0322792E-03     1.0000000E+00    -1.5454903E-13     4.0466718E+03    -1.9647809E-09     2.5425989E+04
       80.7275       1.2387350E-02     1.2000000E+01     8.8387048E-14     4.0466718E+03     1.1236640E-09     2.5425989E+04
       42.1187       2.3742422E-02     2.3000000E+01     9.0988903E-14     4.0466718E+03     1.1567414E-09     2.5425989E+04
       28.4921       3.5097493E-02     3.4000000E+01     1.7970892E-13     4.0466718E+03     2.2846384E-09     2.5425989E+04
       21.5273       4.6452564E-02     4.5000000E+01    -1.5480073E-13     4.0466718E+03    -1.9679808E-09     2.5425989E+04
       17.2988       5.7807635E-02     5.6000000E+01     1.7783579E-13     4.0466718E+03     2.2608254E-09     2.5425989E+04
       14.4587       6.9162706E-02     6.7000000E+01    -8.8593385E-14     4.0466718E+03    -1.1262872E-09     2.5425989E+04
       12.4196       8.0517778E-02     7.8000000E+01     0.0000000E+00     4.0466718E+03     0.0000000E+00     2.5425988E+04
       10.8846       9.1872849E-02     8.9000000E+01     3.3143115E-14     4.0466718E+03     4.2134823E-10     2.5425989E+04
        9.6873       1.0322792E-01     1.0000000E+02    -8.8694922E-14     4.0466718E+03    -1.1275780E-09     2.5425989E+04
1    FLUTTER ANALYSIS OF COMPOSITE PANEL                                       JUNE   9, 2025  MSC Nastran 12/12/23   PAGE    26
      DEFAULT                                                                                                                       
0                                                                                                            SUBCASE 1              
0                                                       FLUTTER  SUMMARY
                         CONFIGURATION = AEROSG2D     XY-SYMMETRY = ASYMMETRIC     XZ-SYMMETRY = SYMMETRIC
       POINT =   16     MACH NUMBER =  0.0000     DENSITY RATIO =  1.0000E+00     METHOD = PK  


       KFREQ            1./KFREQ         VELOCITY            DAMPING         FREQUENCY            COMPLEX   EIGENVALUE
      ********       4.9743921E-04     1.0000000E+00    -2.2906862E-14     8.3975992E+03    -6.0432507E-10     5.2763672E+04
      167.5247       5.9692705E-03     1.2000000E+01     9.1626144E-14     8.3975992E+03     2.4172659E-09     5.2763672E+04
       87.4042       1.1441102E-02     2.3000000E+01     2.2907078E-14     8.3975992E+03     6.0433078E-10     5.2763672E+04
       59.1264       1.6912933E-02     3.4000000E+01    -1.4885179E-13     8.3975992E+03    -3.9269836E-09     5.2763672E+04
       44.6732       2.2384764E-02     4.5000000E+01    -1.1449176E-14     8.3975992E+03    -3.0205029E-10     5.2763672E+04
       35.8981       2.7856595E-02     5.6000000E+01     6.8772101E-14     8.3975992E+03     1.8143343E-09     5.2763672E+04
       30.0044       3.3328427E-02     6.7000000E+01     9.1900509E-14     8.3975992E+03     2.4245042E-09     5.2763672E+04
       25.7730       3.8800258E-02     7.8000000E+01    -1.6038505E-13     8.3975992E+03    -4.2312522E-09     5.2763672E+04
       22.5876       4.4272089E-02     8.9000000E+01     2.0622322E-13     8.3975992E+03     5.4405471E-09     5.2763672E+04
       20.1030       4.9743921E-02     1.0000000E+02    -2.6339403E-13     8.3975992E+03    -6.9488183E-09     5.2763672E+04
 *** USER INFORMATION MESSAGE 4114 (OUTPX2)
     DATA BLOCK SCRATCH  WRITTEN ON FORTRAN UNIT    12 IN BINARY (LTLEND) FORMAT USING NDDL DESCRIPTION FOR QUALINFO, TRL =
                    301                 1                 8                 0                 0                 0                 0
     NAME OF DATA BLOCK WRITTEN ON FORTRAN UNIT IS QUALINFO
        (MAXIMUM POSSIBLE FORTRAN RECORD SIZE =      131074 WORDS.)
     (MAXIMUM SIZE OF FORTRAN RECORDS WRITTEN =          35 WORDS.)
           (NUMBER OF FORTRAN RECORDS WRITTEN =          50 RECORDS.)
           (TOTAL DATA WRITTEN FOR DATA BLOCK =         294 WORDS.)
 *** USER INFORMATION MESSAGE 4110 (OUTPX2)
                                 END-OF-DATA SIMULATION ON FORTRAN UNIT    12
                                 (MAXIMUM SIZE OF FORTRAN RECORDS WRITTEN =      1 WORDS.)
                                       (NUMBER OF FORTRAN RECORDS WRITTEN =      1 RECORDS.)
                                       (TOTAL DATA WRITTEN FOR EOF MARKER =      1 WORDS.)
1    FLUTTER ANALYSIS OF COMPOSITE PANEL                                       JUNE   9, 2025  MSC Nastran 12/12/23   PAGE    27
      DEFAULT                                                                                                                       
0                                                                                                            SUBCASE 1              
 * * * *  D B D I C T   P R I N T  * * * *      SUBDMAP = PRTSUM  ,  DMAP STATEMENT NO.     74



0                                   * * * *  A N A L Y S I S  S U M M A R Y  T A B L E  * * * *
0 SEID  PEID PROJ VERS APRCH      SEMG SEMR SEKR SELG SELR MODES DYNRED SOLLIN SOLNL LOOPID DESIGN CYCLE SENSITIVITY
 -------------------------------------------------------------------------------------------------------------------
     0     0    1    1 '        '    T    T    T    T    T     T      F      T     F     -1            0           F
0SEID = SUPERELEMENT ID.
 PEID = PRIMARY SUPERELEMENT ID OF IMAGE SUPERELEMENT.
 PROJ = PROJECT ID NUMBER.
 VERS = VERSION ID.
 APRCH = BLANK FOR STRUCTURAL ANALYSIS.  HEAT FOR HEAT TRANSFER ANALYSIS.
 SEMG = STIFFNESS AND MASS MATRIX GENERATION STEP.
 SEMR = MASS MATRIX REDUCTION STEP (INCLUDES EIGENVALUE SOLUTION FOR MODES).
 SEKR = STIFFNESS MATRIX REDUCTION STEP.
 SELG = LOAD MATRIX GENERATION STEP.
 SELR = LOAD MATRIX REDUCTION STEP. 
 MODES = T (TRUE) IF NORMAL MODES OR BUCKLING MODES CALCULATED.
 DYNRED = T (TRUE) MEANS GENERALIZED DYNAMIC AND/OR COMPONENT MODE REDUCTION PERFORMED.
 SOLLIN = T (TRUE) IF LINEAR SOLUTION EXISTS IN DATABASE.
 LOOPID = THE LAST LOOPID VALUE USED IN THE NONLINEAR ANALYSIS.  USEFUL FOR RESTARTS.
 SOLNL = T (TRUE) IF NONLINEAR SOLUTION EXISTS IN DATABASE.
 DESIGN CYCLE = THE LAST DESIGN CYCLE (ONLY VALID IN OPTIMIZATION).
 SENSITIVITY = SENSITIVITY MATRIX GENERATION FLAG.
 
 No PARAM values were set in the Control File.
 
1                                        * * * END OF JOB * * *
 
 
 No Symbolic Replacement variables or values were specified.

